<?xml version="1.0" encoding="UTF-8"?>
<!-- Generated by org.testng.reporters.JUnitReportReporter -->
<testsuite ignored="0" hostname="DESKTOP-MVKU4GK" failures="0" tests="1" name="com.extentreport.demo.ExtetReportWithSelenium" time="9.319" errors="0" timestamp="24 Jun 2018 23:04:46 GMT" skipped="0">
  <testcase classname="com.extentreport.demo.ExtetReportWithSelenium" name="loginTest" time="9.319"/>
</testsuite> <!-- com.extentreport.demo.ExtetReportWithSelenium -->
