<?xml version="1.0" encoding="UTF-8"?>
<!-- Generated by org.testng.reporters.JUnitReportReporter -->
<testsuite ignored="0" hostname="DESKTOP-MVKU4GK" failures="0" tests="1" name="com.extentreport.demo.ExtentReportWithJava" time="1.369" errors="0" timestamp="24 Jun 2018 01:40:46 GMT" skipped="0">
  <testcase classname="com.extentreport.demo.ExtentReportWithJava" name="loginTest" time="1.369"/>
</testsuite> <!-- com.extentreport.demo.ExtentReportWithJava -->
